# JRE version: OpenJDK Runtime Environment (8.0_112-b06) (build 1.8.0_112-release-b06)
# Java VM: OpenJDK 64-Bit Server VM (25.112-b06 mixed mode windows-amd64 compressed oops)
Heap:
 PSYoungGen      total 93184K, used 68436K [0x00000000eab00000, 0x00000000f0e00000, 0x0000000100000000)
  eden space 84992K, 80% used [0x00000000eab00000,0x00000000eedd50b8,0x00000000efe00000)
  from space 8192K, 0% used [0x00000000efe00000,0x00000000efe00000,0x00000000f0600000)
  to   space 6656K, 0% used [0x00000000f0780000,0x00000000f0780000,0x00000000f0e00000)
 ParOldGen       total 51200K, used 15730K [0x00000000c0000000, 0x00000000c3200000, 0x00000000eab00000)
  object space 51200K, 30% used [0x00000000c0000000,0x00000000c0f5cab8,0x00000000c3200000)
 Metaspace       used 39136K, capacity 39982K, committed 40192K, reserved 1083392K
  class space    used 5143K, capacity 5362K, committed 5376K, reserved 1048576K
GC Heap History (10 events):
Event: 22.488 GC heap before
{Heap before GC invocations=13 (full 1):
 PSYoungGen      total 51712K, used 46229K [0x00000000eab00000, 0x00000000ef580000, 0x0000000100000000)
  eden space 45056K, 100% used [0x00000000eab00000,0x00000000ed700000,0x00000000ed700000)
  from space 6656K, 17% used [0x00000000ed700000,0x00000000ed8257a8,0x00000000edd80000)
  to   space 7168K, 0% used [0x00000000eee80000,0x00000000eee80000,0x00000000ef580000)
 ParOldGen       total 32256K, used 9629K [0x00000000c0000000, 0x00000000c1f80000, 0x00000000eab00000)
  object space 32256K, 29% used [0x00000000c0000000,0x00000000c0967578,0x00000000c1f80000)
 Metaspace       used 25436K, capacity 25946K, committed 26240K, reserved 1073152K
  class space    used 3285K, capacity 3433K, committed 3456K, reserved 1048576K
Event: 22.507 GC heap after
Heap after GC invocations=13 (full 1):
 PSYoungGen      total 69120K, used 736K [0x00000000eab00000, 0x00000000ef780000, 0x0000000100000000)
  eden space 61952K, 0% used [0x00000000eab00000,0x00000000eab00000,0x00000000ee780000)
  from space 7168K, 10% used [0x00000000eee80000,0x00000000eef38010,0x00000000ef580000)
  to   space 7168K, 0% used [0x00000000ee780000,0x00000000ee780000,0x00000000eee80000)
 ParOldGen       total 32256K, used 10430K [0x00000000c0000000, 0x00000000c1f80000, 0x00000000eab00000)
  object space 32256K, 32% used [0x00000000c0000000,0x00000000c0a2f808,0x00000000c1f80000)
 Metaspace       used 25436K, capacity 25946K, committed 26240K, reserved 1073152K
  class space    used 3285K, capacity 3433K, committed 3456K, reserved 1048576K
}
Event: 25.776 GC heap before
{Heap before GC invocations=14 (full 1):
 PSYoungGen      total 69120K, used 62688K [0x00000000eab00000, 0x00000000ef780000, 0x0000000100000000)
  eden space 61952K, 100% used [0x00000000eab00000,0x00000000ee780000,0x00000000ee780000)
  from space 7168K, 10% used [0x00000000eee80000,0x00000000eef38010,0x00000000ef580000)
  to   space 7168K, 0% used [0x00000000ee780000,0x00000000ee780000,0x00000000eee80000)
 ParOldGen       total 32256K, used 10430K [0x00000000c0000000, 0x00000000c1f80000, 0x00000000eab00000)
  object space 32256K, 32% used [0x00000000c0000000,0x00000000c0a2f808,0x00000000c1f80000)
 Metaspace       used 29003K, capacity 29712K, committed 29952K, reserved 1075200K
  class space    used 3875K, capacity 4061K, committed 4096K, reserved 1048576K
Event: 25.799 GC heap after
Heap after GC invocations=14 (full 1):
 PSYoungGen      total 69120K, used 6940K [0x00000000eab00000, 0x00000000f0f80000, 0x0000000100000000)
  eden space 61952K, 0% used [0x00000000eab00000,0x00000000eab00000,0x00000000ee780000)
  from space 7168K, 96% used [0x00000000ee780000,0x00000000eee47138,0x00000000eee80000)
  to   space 8192K, 0% used [0x00000000f0780000,0x00000000f0780000,0x00000000f0f80000)
 ParOldGen       total 32256K, used 11142K [0x00000000c0000000, 0x00000000c1f80000, 0x00000000eab00000)
  object space 32256K, 34% used [0x00000000c0000000,0x00000000c0ae1818,0x00000000c1f80000)
 Metaspace       used 29003K, capacity 29712K, committed 29952K, reserved 1075200K
  class space    used 3875K, capacity 4061K, committed 4096K, reserved 1048576K
}
Event: 31.433 GC heap before
{Heap before GC invocations=15 (full 1):
 PSYoungGen      total 69120K, used 68892K [0x00000000eab00000, 0x00000000f0f80000, 0x0000000100000000)
  eden space 61952K, 100% used [0x00000000eab00000,0x00000000ee780000,0x00000000ee780000)
  from space 7168K, 96% used [0x00000000ee780000,0x00000000eee47138,0x00000000eee80000)
  to   space 8192K, 0% used [0x00000000f0780000,0x00000000f0780000,0x00000000f0f80000)
 ParOldGen       total 32256K, used 11142K [0x00000000c0000000, 0x00000000c1f80000, 0x00000000eab00000)
  object space 32256K, 34% used [0x00000000c0000000,0x00000000c0ae1818,0x00000000c1f80000)
 Metaspace       used 33206K, capacity 34032K, committed 34304K, reserved 1079296K
  class space    used 4331K, capacity 4562K, committed 4608K, reserved 1048576K
Event: 31.456 GC heap after
Heap after GC invocations=15 (full 1):
 PSYoungGen      total 91648K, used 4276K [0x00000000eab00000, 0x00000000f0e00000, 0x0000000100000000)
  eden space 84992K, 0% used [0x00000000eab00000,0x00000000eab00000,0x00000000efe00000)
  from space 6656K, 64% used [0x00000000f0780000,0x00000000f0bad048,0x00000000f0e00000)
  to   space 8192K, 0% used [0x00000000efe00000,0x00000000efe00000,0x00000000f0600000)
 ParOldGen       total 32256K, used 14982K [0x00000000c0000000, 0x00000000c1f80000, 0x00000000eab00000)
  object space 32256K, 46% used [0x00000000c0000000,0x00000000c0ea1858,0x00000000c1f80000)
 Metaspace       used 33206K, capacity 34032K, committed 34304K, reserved 1079296K
  class space    used 4331K, capacity 4562K, committed 4608K, reserved 1048576K
}
Event: 32.444 GC heap before
{Heap before GC invocations=16 (full 1):
 PSYoungGen      total 91648K, used 44305K [0x00000000eab00000, 0x00000000f0e00000, 0x0000000100000000)
  eden space 84992K, 47% used [0x00000000eab00000,0x00000000ed2176f0,0x00000000efe00000)
  from space 6656K, 64% used [0x00000000f0780000,0x00000000f0bad048,0x00000000f0e00000)
  to   space 8192K, 0% used [0x00000000efe00000,0x00000000efe00000,0x00000000f0600000)
 ParOldGen       total 32256K, used 14982K [0x00000000c0000000, 0x00000000c1f80000, 0x00000000eab00000)
  object space 32256K, 46% used [0x00000000c0000000,0x00000000c0ea1858,0x00000000c1f80000)
 Metaspace       used 34585K, capacity 35414K, committed 35456K, reserved 1079296K
  class space    used 4512K, capacity 4723K, committed 4736K, reserved 1048576K
Event: 32.456 GC heap after
Heap after GC invocations=16 (full 1):
 PSYoungGen      total 93184K, used 1820K [0x00000000eab00000, 0x00000000f0e00000, 0x0000000100000000)
  eden space 84992K, 0% used [0x00000000eab00000,0x00000000eab00000,0x00000000efe00000)
  from space 8192K, 22% used [0x00000000efe00000,0x00000000effc7348,0x00000000f0600000)
  to   space 6656K, 0% used [0x00000000f0780000,0x00000000f0780000,0x00000000f0e00000)
 ParOldGen       total 32256K, used 16822K [0x00000000c0000000, 0x00000000c1f80000, 0x00000000eab00000)
  object space 32256K, 52% used [0x00000000c0000000,0x00000000c106d888,0x00000000c1f80000)
 Metaspace       used 34585K, capacity 35414K, committed 35456K, reserved 1079296K
  class space    used 4512K, capacity 4723K, committed 4736K, reserved 1048576K
}
Event: 32.456 GC heap before
{Heap before GC invocations=17 (full 2):
 PSYoungGen      total 93184K, used 1820K [0x00000000eab00000, 0x00000000f0e00000, 0x0000000100000000)
  eden space 84992K, 0% used [0x00000000eab00000,0x00000000eab00000,0x00000000efe00000)
  from space 8192K, 22% used [0x00000000efe00000,0x00000000effc7348,0x00000000f0600000)
  to   space 6656K, 0% used [0x00000000f0780000,0x00000000f0780000,0x00000000f0e00000)
 ParOldGen       total 32256K, used 16822K [0x00000000c0000000, 0x00000000c1f80000, 0x00000000eab00000)
  object space 32256K, 52% used [0x00000000c0000000,0x00000000c106d888,0x00000000c1f80000)
 Metaspace       used 34585K, capacity 35414K, committed 35456K, reserved 1079296K
  class space    used 4512K, capacity 4723K, committed 4736K, reserved 1048576K
Event: 32.618 GC heap after
Heap after GC invocations=17 (full 2):
 PSYoungGen      total 93184K, used 0K [0x00000000eab00000, 0x00000000f0e00000, 0x0000000100000000)
  eden space 84992K, 0% used [0x00000000eab00000,0x00000000eab00000,0x00000000efe00000)
  from space 8192K, 0% used [0x00000000efe00000,0x00000000efe00000,0x00000000f0600000)
  to   space 6656K, 0% used [0x00000000f0780000,0x00000000f0780000,0x00000000f0e00000)
 ParOldGen       total 51200K, used 15730K [0x00000000c0000000, 0x00000000c3200000, 0x00000000eab00000)
  object space 51200K, 30% used [0x00000000c0000000,0x00000000c0f5cab8,0x00000000c3200000)
 Metaspace       used 34533K, capacity 35296K, committed 35456K, reserved 1079296K
  class space    used 4495K, capacity 4705K, committed 4736K, reserved 1048576K
}

