# JRE version: OpenJDK Runtime Environment (8.0_112-b06) (build 1.8.0_112-release-b06)
# Java VM: OpenJDK 64-Bit Server VM (25.112-b06 mixed mode windows-amd64 compressed oops)
Heap:
 PSYoungGen      total 97792K, used 21854K [0x00000000eab00000, 0x00000000f2a00000, 0x0000000100000000)
  eden space 87040K, 14% used [0x00000000eab00000,0x00000000eb7015f8,0x00000000f0000000)
  from space 10752K, 88% used [0x00000000f0000000,0x00000000f0956380,0x00000000f0a80000)
  to   space 11776K, 0% used [0x00000000f1e80000,0x00000000f1e80000,0x00000000f2a00000)
 ParOldGen       total 59904K, used 15054K [0x00000000c0000000, 0x00000000c3a80000, 0x00000000eab00000)
  object space 59904K, 25% used [0x00000000c0000000,0x00000000c0eb3a50,0x00000000c3a80000)
 Metaspace       used 40352K, capacity 41254K, committed 41600K, reserved 1085440K
  class space    used 5201K, capacity 5454K, committed 5504K, reserved 1048576K
GC Heap History (10 events):
Event: 19.506 GC heap before
{Heap before GC invocations=13 (full 1):
 PSYoungGen      total 66560K, used 64766K [0x00000000eab00000, 0x00000000f0200000, 0x0000000100000000)
  eden space 58880K, 100% used [0x00000000eab00000,0x00000000ee480000,0x00000000ee480000)
  from space 7680K, 76% used [0x00000000ee480000,0x00000000eea3fbd8,0x00000000eec00000)
  to   space 7680K, 0% used [0x00000000efa80000,0x00000000efa80000,0x00000000f0200000)
 ParOldGen       total 39424K, used 9882K [0x00000000c0000000, 0x00000000c2680000, 0x00000000eab00000)
  object space 39424K, 25% used [0x00000000c0000000,0x00000000c09a6ac0,0x00000000c2680000)
 Metaspace       used 32635K, capacity 33458K, committed 33792K, reserved 1079296K
  class space    used 4295K, capacity 4560K, committed 4608K, reserved 1048576K
Event: 19.534 GC heap after
Heap after GC invocations=13 (full 1):
 PSYoungGen      total 79360K, used 7648K [0x00000000eab00000, 0x00000000f0600000, 0x0000000100000000)
  eden space 71680K, 0% used [0x00000000eab00000,0x00000000eab00000,0x00000000ef100000)
  from space 7680K, 99% used [0x00000000efa80000,0x00000000f01f8030,0x00000000f0200000)
  to   space 9728K, 0% used [0x00000000ef100000,0x00000000ef100000,0x00000000efa80000)
 ParOldGen       total 39424K, used 12282K [0x00000000c0000000, 0x00000000c2680000, 0x00000000eab00000)
  object space 39424K, 31% used [0x00000000c0000000,0x00000000c0bfe9a8,0x00000000c2680000)
 Metaspace       used 32635K, capacity 33458K, committed 33792K, reserved 1079296K
  class space    used 4295K, capacity 4560K, committed 4608K, reserved 1048576K
}
Event: 24.357 GC heap before
{Heap before GC invocations=14 (full 1):
 PSYoungGen      total 79360K, used 24592K [0x00000000eab00000, 0x00000000f0600000, 0x0000000100000000)
  eden space 71680K, 23% used [0x00000000eab00000,0x00000000ebb8c2e0,0x00000000ef100000)
  from space 7680K, 99% used [0x00000000efa80000,0x00000000f01f8030,0x00000000f0200000)
  to   space 9728K, 0% used [0x00000000ef100000,0x00000000ef100000,0x00000000efa80000)
 ParOldGen       total 39424K, used 12282K [0x00000000c0000000, 0x00000000c2680000, 0x00000000eab00000)
  object space 39424K, 31% used [0x00000000c0000000,0x00000000c0bfe9a8,0x00000000c2680000)
 Metaspace       used 34567K, capacity 35330K, committed 35456K, reserved 1079296K
  class space    used 4521K, capacity 4728K, committed 4736K, reserved 1048576K
Event: 24.376 GC heap after
Heap after GC invocations=14 (full 1):
 PSYoungGen      total 81408K, used 9176K [0x00000000eab00000, 0x00000000f1580000, 0x0000000100000000)
  eden space 71680K, 0% used [0x00000000eab00000,0x00000000eab00000,0x00000000ef100000)
  from space 9728K, 94% used [0x00000000ef100000,0x00000000ef9f6368,0x00000000efa80000)
  to   space 10752K, 0% used [0x00000000f0b00000,0x00000000f0b00000,0x00000000f1580000)
 ParOldGen       total 39424K, used 12290K [0x00000000c0000000, 0x00000000c2680000, 0x00000000eab00000)
  object space 39424K, 31% used [0x00000000c0000000,0x00000000c0c009a8,0x00000000c2680000)
 Metaspace       used 34567K, capacity 35330K, committed 35456K, reserved 1079296K
  class space    used 4521K, capacity 4728K, committed 4736K, reserved 1048576K
}
Event: 24.376 GC heap before
{Heap before GC invocations=15 (full 2):
 PSYoungGen      total 81408K, used 9176K [0x00000000eab00000, 0x00000000f1580000, 0x0000000100000000)
  eden space 71680K, 0% used [0x00000000eab00000,0x00000000eab00000,0x00000000ef100000)
  from space 9728K, 94% used [0x00000000ef100000,0x00000000ef9f6368,0x00000000efa80000)
  to   space 10752K, 0% used [0x00000000f0b00000,0x00000000f0b00000,0x00000000f1580000)
 ParOldGen       total 39424K, used 12290K [0x00000000c0000000, 0x00000000c2680000, 0x00000000eab00000)
  object space 39424K, 31% used [0x00000000c0000000,0x00000000c0c009a8,0x00000000c2680000)
 Metaspace       used 34567K, capacity 35330K, committed 35456K, reserved 1079296K
  class space    used 4521K, capacity 4728K, committed 4736K, reserved 1048576K
Event: 24.542 GC heap after
Heap after GC invocations=15 (full 2):
 PSYoungGen      total 81408K, used 0K [0x00000000eab00000, 0x00000000f1580000, 0x0000000100000000)
  eden space 71680K, 0% used [0x00000000eab00000,0x00000000eab00000,0x00000000ef100000)
  from space 9728K, 0% used [0x00000000ef100000,0x00000000ef100000,0x00000000efa80000)
  to   space 10752K, 0% used [0x00000000f0b00000,0x00000000f0b00000,0x00000000f1580000)
 ParOldGen       total 59904K, used 15038K [0x00000000c0000000, 0x00000000c3a80000, 0x00000000eab00000)
  object space 59904K, 25% used [0x00000000c0000000,0x00000000c0eafa50,0x00000000c3a80000)
 Metaspace       used 34496K, capacity 35188K, committed 35456K, reserved 1079296K
  class space    used 4498K, capacity 4702K, committed 4736K, reserved 1048576K
}
Event: 35.664 GC heap before
{Heap before GC invocations=16 (full 2):
 PSYoungGen      total 81408K, used 71680K [0x00000000eab00000, 0x00000000f1580000, 0x0000000100000000)
  eden space 71680K, 100% used [0x00000000eab00000,0x00000000ef100000,0x00000000ef100000)
  from space 9728K, 0% used [0x00000000ef100000,0x00000000ef100000,0x00000000efa80000)
  to   space 10752K, 0% used [0x00000000f0b00000,0x00000000f0b00000,0x00000000f1580000)
 ParOldGen       total 59904K, used 15038K [0x00000000c0000000, 0x00000000c3a80000, 0x00000000eab00000)
  object space 59904K, 25% used [0x00000000c0000000,0x00000000c0eafa50,0x00000000c3a80000)
 Metaspace       used 35221K, capacity 35988K, committed 36352K, reserved 1081344K
  class space    used 4520K, capacity 4748K, committed 4864K, reserved 1048576K
Event: 35.678 GC heap after
Heap after GC invocations=16 (full 2):
 PSYoungGen      total 97280K, used 2448K [0x00000000eab00000, 0x00000000f1500000, 0x0000000100000000)
  eden space 87040K, 0% used [0x00000000eab00000,0x00000000eab00000,0x00000000f0000000)
  from space 10240K, 23% used [0x00000000f0b00000,0x00000000f0d64010,0x00000000f1500000)
  to   space 10752K, 0% used [0x00000000f0000000,0x00000000f0000000,0x00000000f0a80000)
 ParOldGen       total 59904K, used 15046K [0x00000000c0000000, 0x00000000c3a80000, 0x00000000eab00000)
  object space 59904K, 25% used [0x00000000c0000000,0x00000000c0eb1a50,0x00000000c3a80000)
 Metaspace       used 35221K, capacity 35988K, committed 36352K, reserved 1081344K
  class space    used 4520K, capacity 4748K, committed 4864K, reserved 1048576K
}
Event: 38.051 GC heap before
{Heap before GC invocations=17 (full 2):
 PSYoungGen      total 97280K, used 89488K [0x00000000eab00000, 0x00000000f1500000, 0x0000000100000000)
  eden space 87040K, 100% used [0x00000000eab00000,0x00000000f0000000,0x00000000f0000000)
  from space 10240K, 23% used [0x00000000f0b00000,0x00000000f0d64010,0x00000000f1500000)
  to   space 10752K, 0% used [0x00000000f0000000,0x00000000f0000000,0x00000000f0a80000)
 ParOldGen       total 59904K, used 15046K [0x00000000c0000000, 0x00000000c3a80000, 0x00000000eab00000)
  object space 59904K, 25% used [0x00000000c0000000,0x00000000c0eb1a50,0x00000000c3a80000)
 Metaspace       used 40014K, capacity 40954K, committed 41344K, reserved 1085440K
  class space    used 5161K, capacity 5419K, committed 5504K, reserved 1048576K
Event: 38.078 GC heap after
Heap after GC invocations=17 (full 2):
 PSYoungGen      total 97792K, used 9560K [0x00000000eab00000, 0x00000000f2a00000, 0x0000000100000000)
  eden space 87040K, 0% used [0x00000000eab00000,0x00000000eab00000,0x00000000f0000000)
  from space 10752K, 88% used [0x00000000f0000000,0x00000000f0956380,0x00000000f0a80000)
  to   space 11776K, 0% used [0x00000000f1e80000,0x00000000f1e80000,0x00000000f2a00000)
 ParOldGen       total 59904K, used 15054K [0x00000000c0000000, 0x00000000c3a80000, 0x00000000eab00000)
  object space 59904K, 25% used [0x00000000c0000000,0x00000000c0eb3a50,0x00000000c3a80000)
 Metaspace       used 40014K, capacity 40954K, committed 41344K, reserved 1085440K
  class space    used 5161K, capacity 5419K, committed 5504K, reserved 1048576K
}

